{"C:\\Users\\leona\\OneDrive\\Escritorio\\Projeto_03\\src\\cloneArray": {"path":"C:\\Users\\leona\\OneDrive\\Escritorio\\Projeto_03\\src\\cloneArray","statementMap":{"0":{"start":{"line":2,"column":4},"end":{"line":2,"column":21}},"1":{"start":{"line":5,"column":0},"end":{"line":5,"column":27}}},"fnMap":{"0":{"name":"cloneArray","decl":{"start":{"line":1,"column":9},"end":{"line":1,"column":19}},"loc":{"start":{"line":1,"column":27},"end":{"line":3,"column":1}},"line":1}},"branchMap":{},"s":{"0":1,"1":1},"f":{"0":1},"b":{},"inputSourceMap":null,"_coverageSchema":"1a1c01bbd47fc00a2c39e90264f33305004495a9","hash":"1b10d1bf940623bc47188818a96a77c4a680efe8"}
,"C:\\Users\\leona\\OneDrive\\Escritorio\\Projeto_03\\src\\soma.js": {"path":"C:\\Users\\leona\\OneDrive\\Escritorio\\Projeto_03\\src\\soma.js","statementMap":{"0":{"start":{"line":2,"column":4},"end":{"line":2,"column":16}},"1":{"start":{"line":5,"column":0},"end":{"line":5,"column":20}}},"fnMap":{"0":{"name":"sum","decl":{"start":{"line":1,"column":9},"end":{"line":1,"column":12}},"loc":{"start":{"line":1,"column":19},"end":{"line":3,"column":1}},"line":1}},"branchMap":{},"s":{"0":1,"1":1},"f":{"0":1},"b":{},"_coverageSchema":"1a1c01bbd47fc00a2c39e90264f33305004495a9","hash":"13f0e63b36561ec9861d4fe7a2d0a2fc4709b91d"}
,"C:\\Users\\leona\\OneDrive\\Escritorio\\Projeto_03\\src\\subtract.js": {"path":"C:\\Users\\leona\\OneDrive\\Escritorio\\Projeto_03\\src\\subtract.js","statementMap":{"0":{"start":{"line":2,"column":4},"end":{"line":2,"column":16}},"1":{"start":{"line":5,"column":0},"end":{"line":5,"column":25}}},"fnMap":{"0":{"name":"subtract","decl":{"start":{"line":1,"column":9},"end":{"line":1,"column":17}},"loc":{"start":{"line":1,"column":24},"end":{"line":3,"column":1}},"line":1}},"branchMap":{},"s":{"0":1,"1":1},"f":{"0":1},"b":{},"_coverageSchema":"1a1c01bbd47fc00a2c39e90264f33305004495a9","hash":"b669db04b44704d7cdddd2ebfa7cd011d9b9e319"}
}
